<?xml version="1.0" encoding="UTF-8"?>
<!-- Generated by org.testng.reporters.JUnitReportReporter -->
<testsuite hostname="IN-4YZC5S3" failures="0" tests="3" name="tests.SignInPageTest" time="50.957" errors="0" timestamp="2024-04-30T13:43:12 IST" skipped="0">
  <testcase classname="tests.SignInPageTest" name="signInPageTitle" time="8.355"/>
  <testcase classname="tests.SignInPageTest" name="tryInvalidEmailSignIn" time="14.986"/>
  <testcase classname="tests.SignInPageTest" name="trySignIn" time="27.616"/>
</testsuite> <!-- tests.SignInPageTest -->
